# JRE version: Java(TM) SE Runtime Environment (8.0_101-b13) (build 1.8.0_101-b13)
# Java VM: Java HotSpot(TM) 64-Bit Server VM (25.101-b13 mixed mode windows-amd64 compressed oops)
Heap:
 PSYoungGen      total 234496K, used 151324K [0x00000000e0900000, 0x00000000f0280000, 0x0000000100000000)
  eden space 222720K, 62% used [0x00000000e0900000,0x00000000e9176d90,0x00000000ee280000)
  from space 11776K, 98% used [0x00000000ef700000,0x00000000f0250540,0x00000000f0280000)
  to   space 14336K, 0% used [0x00000000ee680000,0x00000000ee680000,0x00000000ef480000)
 ParOldGen       total 50688K, used 13164K [0x00000000a1a00000, 0x00000000a4b80000, 0x00000000e0900000)
  object space 50688K, 25% used [0x00000000a1a00000,0x00000000a26db0c8,0x00000000a4b80000)
 Metaspace       used 54565K, capacity 57324K, committed 57468K, reserved 1099776K
  class space    used 7571K, capacity 8056K, committed 8064K, reserved 1048576K
GC Heap History (10 events):
Event: 11.169 GC heap before
{Heap before GC invocations=10 (full 1):
 PSYoungGen      total 108032K, used 98304K [0x00000000e0900000, 0x00000000eda00000, 0x0000000100000000)
  eden space 98304K, 100% used [0x00000000e0900000,0x00000000e6900000,0x00000000e6900000)
  from space 9728K, 0% used [0x00000000e7280000,0x00000000e7280000,0x00000000e7c00000)
  to   space 9728K, 0% used [0x00000000e6900000,0x00000000e6900000,0x00000000e7280000)
 ParOldGen       total 36352K, used 5935K [0x00000000a1a00000, 0x00000000a3d80000, 0x00000000e0900000)
  object space 36352K, 16% used [0x00000000a1a00000,0x00000000a1fcbed8,0x00000000a3d80000)
 Metaspace       used 26592K, capacity 27878K, committed 28156K, reserved 1073152K
  class space    used 3512K, capacity 3767K, committed 3840K, reserved 1048576K
Event: 11.186 GC heap after
Heap after GC invocations=10 (full 1):
 PSYoungGen      total 108032K, used 9704K [0x00000000e0900000, 0x00000000eb400000, 0x0000000100000000)
  eden space 98304K, 0% used [0x00000000e0900000,0x00000000e0900000,0x00000000e6900000)
  from space 9728K, 99% used [0x00000000e6900000,0x00000000e727a160,0x00000000e7280000)
  to   space 11264K, 0% used [0x00000000ea900000,0x00000000ea900000,0x00000000eb400000)
 ParOldGen       total 36352K, used 6206K [0x00000000a1a00000, 0x00000000a3d80000, 0x00000000e0900000)
  object space 36352K, 17% used [0x00000000a1a00000,0x00000000a200f9d8,0x00000000a3d80000)
 Metaspace       used 26592K, capacity 27878K, committed 28156K, reserved 1073152K
  class space    used 3512K, capacity 3767K, committed 3840K, reserved 1048576K
}
Event: 15.495 GC heap before
{Heap before GC invocations=11 (full 1):
 PSYoungGen      total 108032K, used 107991K [0x00000000e0900000, 0x00000000eb400000, 0x0000000100000000)
  eden space 98304K, 99% used [0x00000000e0900000,0x00000000e68fbb68,0x00000000e6900000)
  from space 9728K, 99% used [0x00000000e6900000,0x00000000e727a160,0x00000000e7280000)
  to   space 11264K, 0% used [0x00000000ea900000,0x00000000ea900000,0x00000000eb400000)
 ParOldGen       total 36352K, used 6206K [0x00000000a1a00000, 0x00000000a3d80000, 0x00000000e0900000)
  object space 36352K, 17% used [0x00000000a1a00000,0x00000000a200f9d8,0x00000000a3d80000)
 Metaspace       used 32997K, capacity 35024K, committed 35324K, reserved 1079296K
  class space    used 4445K, capacity 4819K, committed 4864K, reserved 1048576K
Event: 15.521 GC heap after
Heap after GC invocations=11 (full 1):
 PSYoungGen      total 162304K, used 11262K [0x00000000e0900000, 0x00000000eb580000, 0x0000000100000000)
  eden space 151040K, 0% used [0x00000000e0900000,0x00000000e0900000,0x00000000e9c80000)
  from space 11264K, 99% used [0x00000000ea900000,0x00000000eb3ffbb0,0x00000000eb400000)
  to   space 12800K, 0% used [0x00000000e9c80000,0x00000000e9c80000,0x00000000ea900000)
 ParOldGen       total 36352K, used 6547K [0x00000000a1a00000, 0x00000000a3d80000, 0x00000000e0900000)
  object space 36352K, 18% used [0x00000000a1a00000,0x00000000a2064f68,0x00000000a3d80000)
 Metaspace       used 32997K, capacity 35024K, committed 35324K, reserved 1079296K
  class space    used 4445K, capacity 4819K, committed 4864K, reserved 1048576K
}
Event: 15.939 GC heap before
{Heap before GC invocations=12 (full 1):
 PSYoungGen      total 162304K, used 36465K [0x00000000e0900000, 0x00000000eb580000, 0x0000000100000000)
  eden space 151040K, 16% used [0x00000000e0900000,0x00000000e219cb10,0x00000000e9c80000)
  from space 11264K, 99% used [0x00000000ea900000,0x00000000eb3ffbb0,0x00000000eb400000)
  to   space 12800K, 0% used [0x00000000e9c80000,0x00000000e9c80000,0x00000000ea900000)
 ParOldGen       total 36352K, used 6547K [0x00000000a1a00000, 0x00000000a3d80000, 0x00000000e0900000)
  object space 36352K, 18% used [0x00000000a1a00000,0x00000000a2064f68,0x00000000a3d80000)
 Metaspace       used 33873K, capacity 35856K, committed 36048K, reserved 1081344K
  class space    used 4535K, capacity 4883K, committed 4992K, reserved 1048576K
Event: 15.961 GC heap after
Heap after GC invocations=12 (full 1):
 PSYoungGen      total 163840K, used 1872K [0x00000000e0900000, 0x00000000f0400000, 0x0000000100000000)
  eden space 151040K, 0% used [0x00000000e0900000,0x00000000e0900000,0x00000000e9c80000)
  from space 12800K, 14% used [0x00000000e9c80000,0x00000000e9e54018,0x00000000ea900000)
  to   space 13312K, 0% used [0x00000000ef700000,0x00000000ef700000,0x00000000f0400000)
 ParOldGen       total 36352K, used 13194K [0x00000000a1a00000, 0x00000000a3d80000, 0x00000000e0900000)
  object space 36352K, 36% used [0x00000000a1a00000,0x00000000a26e29a8,0x00000000a3d80000)
 Metaspace       used 33873K, capacity 35856K, committed 36048K, reserved 1081344K
  class space    used 4535K, capacity 4883K, committed 4992K, reserved 1048576K
}
Event: 15.961 GC heap before
{Heap before GC invocations=13 (full 2):
 PSYoungGen      total 163840K, used 1872K [0x00000000e0900000, 0x00000000f0400000, 0x0000000100000000)
  eden space 151040K, 0% used [0x00000000e0900000,0x00000000e0900000,0x00000000e9c80000)
  from space 12800K, 14% used [0x00000000e9c80000,0x00000000e9e54018,0x00000000ea900000)
  to   space 13312K, 0% used [0x00000000ef700000,0x00000000ef700000,0x00000000f0400000)
 ParOldGen       total 36352K, used 13194K [0x00000000a1a00000, 0x00000000a3d80000, 0x00000000e0900000)
  object space 36352K, 36% used [0x00000000a1a00000,0x00000000a26e29a8,0x00000000a3d80000)
 Metaspace       used 33873K, capacity 35856K, committed 36048K, reserved 1081344K
  class space    used 4535K, capacity 4883K, committed 4992K, reserved 1048576K
Event: 16.119 GC heap after
Heap after GC invocations=13 (full 2):
 PSYoungGen      total 163840K, used 0K [0x00000000e0900000, 0x00000000f0400000, 0x0000000100000000)
  eden space 151040K, 0% used [0x00000000e0900000,0x00000000e0900000,0x00000000e9c80000)
  from space 12800K, 0% used [0x00000000e9c80000,0x00000000e9c80000,0x00000000ea900000)
  to   space 13312K, 0% used [0x00000000ef700000,0x00000000ef700000,0x00000000f0400000)
 ParOldGen       total 50688K, used 13164K [0x00000000a1a00000, 0x00000000a4b80000, 0x00000000e0900000)
  object space 50688K, 25% used [0x00000000a1a00000,0x00000000a26db0c8,0x00000000a4b80000)
 Metaspace       used 33873K, capacity 35856K, committed 36048K, reserved 1081344K
  class space    used 4535K, capacity 4883K, committed 4992K, reserved 1048576K
}
Event: 20.550 GC heap before
{Heap before GC invocations=14 (full 2):
 PSYoungGen      total 163840K, used 151040K [0x00000000e0900000, 0x00000000f0400000, 0x0000000100000000)
  eden space 151040K, 100% used [0x00000000e0900000,0x00000000e9c80000,0x00000000e9c80000)
  from space 12800K, 0% used [0x00000000e9c80000,0x00000000e9c80000,0x00000000ea900000)
  to   space 13312K, 0% used [0x00000000ef700000,0x00000000ef700000,0x00000000f0400000)
 ParOldGen       total 50688K, used 13164K [0x00000000a1a00000, 0x00000000a4b80000, 0x00000000e0900000)
  object space 50688K, 25% used [0x00000000a1a00000,0x00000000a26db0c8,0x00000000a4b80000)
 Metaspace       used 40940K, capacity 43280K, committed 43516K, reserved 1087488K
  class space    used 5414K, capacity 5818K, committed 5888K, reserved 1048576K
Event: 20.625 GC heap after
Heap after GC invocations=14 (full 2):
 PSYoungGen      total 234496K, used 11585K [0x00000000e0900000, 0x00000000f0280000, 0x0000000100000000)
  eden space 222720K, 0% used [0x00000000e0900000,0x00000000e0900000,0x00000000ee280000)
  from space 11776K, 98% used [0x00000000ef700000,0x00000000f0250540,0x00000000f0280000)
  to   space 14336K, 0% used [0x00000000ee680000,0x00000000ee680000,0x00000000ef480000)
 ParOldGen       total 50688K, used 13164K [0x00000000a1a00000, 0x00000000a4b80000, 0x00000000e0900000)
  object space 50688K, 25% used [0x00000000a1a00000,0x00000000a26db0c8,0x00000000a4b80000)
 Metaspace       used 40940K, capacity 43280K, committed 43516K, reserved 1087488K
  class space    used 5414K, capacity 5818K, committed 5888K, reserved 1048576K
}

