# JRE version: Java(TM) SE Runtime Environment (8.0_101-b13) (build 1.8.0_101-b13)
# Java VM: Java HotSpot(TM) 64-Bit Server VM (25.101-b13 mixed mode windows-amd64 compressed oops)
Heap:
 PSYoungGen      total 106496K, used 65341K [0x00000000e0900000, 0x00000000eb580000, 0x0000000100000000)
  eden space 96768K, 57% used [0x00000000e0900000,0x00000000e3f56470,0x00000000e6780000)
  from space 9728K, 99% used [0x00000000e7280000,0x00000000e7bf9260,0x00000000e7c00000)
  to   space 11264K, 0% used [0x00000000e6780000,0x00000000e6780000,0x00000000e7280000)
 ParOldGen       total 46080K, used 8117K [0x00000000a1a00000, 0x00000000a4700000, 0x00000000e0900000)
  object space 46080K, 17% used [0x00000000a1a00000,0x00000000a21ed7b8,0x00000000a4700000)
 Metaspace       used 31001K, capacity 32658K, committed 32896K, reserved 1077248K
  class space    used 4181K, capacity 4478K, committed 4480K, reserved 1048576K
GC Heap History (10 events):
Event: 4.984 GC heap before
{Heap before GC invocations=5 (full 0):
 PSYoungGen      total 53248K, used 53231K [0x00000000e0900000, 0x00000000e4100000, 0x0000000100000000)
  eden space 49152K, 100% used [0x00000000e0900000,0x00000000e3900000,0x00000000e3900000)
  from space 4096K, 99% used [0x00000000e3d00000,0x00000000e40fbf10,0x00000000e4100000)
  to   space 4096K, 0% used [0x00000000e3900000,0x00000000e3900000,0x00000000e3d00000)
 ParOldGen       total 65536K, used 4095K [0x00000000a1a00000, 0x00000000a5a00000, 0x00000000e0900000)
  object space 65536K, 6% used [0x00000000a1a00000,0x00000000a1dffd18,0x00000000a5a00000)
 Metaspace       used 16141K, capacity 16912K, committed 17152K, reserved 1064960K
  class space    used 2065K, capacity 2244K, committed 2304K, reserved 1048576K
Event: 5.004 GC heap after
Heap after GC invocations=5 (full 0):
 PSYoungGen      total 53248K, used 4064K [0x00000000e0900000, 0x00000000e7c00000, 0x0000000100000000)
  eden space 49152K, 0% used [0x00000000e0900000,0x00000000e0900000,0x00000000e3900000)
  from space 4096K, 99% used [0x00000000e3900000,0x00000000e3cf8020,0x00000000e3d00000)
  to   space 9728K, 0% used [0x00000000e7280000,0x00000000e7280000,0x00000000e7c00000)
 ParOldGen       total 65536K, used 7840K [0x00000000a1a00000, 0x00000000a5a00000, 0x00000000e0900000)
  object space 65536K, 11% used [0x00000000a1a00000,0x00000000a21a81d8,0x00000000a5a00000)
 Metaspace       used 16141K, capacity 16912K, committed 17152K, reserved 1064960K
  class space    used 2065K, capacity 2244K, committed 2304K, reserved 1048576K
}
Event: 5.724 GC heap before
{Heap before GC invocations=6 (full 0):
 PSYoungGen      total 53248K, used 53199K [0x00000000e0900000, 0x00000000e7c00000, 0x0000000100000000)
  eden space 49152K, 99% used [0x00000000e0900000,0x00000000e38fbf80,0x00000000e3900000)
  from space 4096K, 99% used [0x00000000e3900000,0x00000000e3cf8020,0x00000000e3d00000)
  to   space 9728K, 0% used [0x00000000e7280000,0x00000000e7280000,0x00000000e7c00000)
 ParOldGen       total 65536K, used 7840K [0x00000000a1a00000, 0x00000000a5a00000, 0x00000000e0900000)
  object space 65536K, 11% used [0x00000000a1a00000,0x00000000a21a81d8,0x00000000a5a00000)
 Metaspace       used 18417K, capacity 19294K, committed 19584K, reserved 1067008K
  class space    used 2459K, capacity 2662K, committed 2688K, reserved 1048576K
Event: 5.742 GC heap after
Heap after GC invocations=6 (full 0):
 PSYoungGen      total 107520K, used 7175K [0x00000000e0900000, 0x00000000e7d00000, 0x0000000100000000)
  eden space 97792K, 0% used [0x00000000e0900000,0x00000000e0900000,0x00000000e6880000)
  from space 9728K, 73% used [0x00000000e7280000,0x00000000e7981cf8,0x00000000e7c00000)
  to   space 10240K, 0% used [0x00000000e6880000,0x00000000e6880000,0x00000000e7280000)
 ParOldGen       total 65536K, used 7848K [0x00000000a1a00000, 0x00000000a5a00000, 0x00000000e0900000)
  object space 65536K, 11% used [0x00000000a1a00000,0x00000000a21aa1d8,0x00000000a5a00000)
 Metaspace       used 18417K, capacity 19294K, committed 19584K, reserved 1067008K
  class space    used 2459K, capacity 2662K, committed 2688K, reserved 1048576K
}
Event: 6.262 GC heap before
{Heap before GC invocations=7 (full 0):
 PSYoungGen      total 107520K, used 58054K [0x00000000e0900000, 0x00000000e7d00000, 0x0000000100000000)
  eden space 97792K, 52% used [0x00000000e0900000,0x00000000e3aafe50,0x00000000e6880000)
  from space 9728K, 73% used [0x00000000e7280000,0x00000000e7981cf8,0x00000000e7c00000)
  to   space 10240K, 0% used [0x00000000e6880000,0x00000000e6880000,0x00000000e7280000)
 ParOldGen       total 65536K, used 7848K [0x00000000a1a00000, 0x00000000a5a00000, 0x00000000e0900000)
  object space 65536K, 11% used [0x00000000a1a00000,0x00000000a21aa1d8,0x00000000a5a00000)
 Metaspace       used 20311K, capacity 21180K, committed 21296K, reserved 1067008K
  class space    used 2654K, capacity 2845K, committed 2944K, reserved 1048576K
Event: 6.284 GC heap after
Heap after GC invocations=7 (full 0):
 PSYoungGen      total 108032K, used 6182K [0x00000000e0900000, 0x00000000e7d00000, 0x0000000100000000)
  eden space 97792K, 0% used [0x00000000e0900000,0x00000000e0900000,0x00000000e6880000)
  from space 10240K, 60% used [0x00000000e6880000,0x00000000e6e89aa8,0x00000000e7280000)
  to   space 9728K, 0% used [0x00000000e7280000,0x00000000e7280000,0x00000000e7c00000)
 ParOldGen       total 65536K, used 9506K [0x00000000a1a00000, 0x00000000a5a00000, 0x00000000e0900000)
  object space 65536K, 14% used [0x00000000a1a00000,0x00000000a2348a48,0x00000000a5a00000)
 Metaspace       used 20311K, capacity 21180K, committed 21296K, reserved 1067008K
  class space    used 2654K, capacity 2845K, committed 2944K, reserved 1048576K
}
Event: 6.284 GC heap before
{Heap before GC invocations=8 (full 1):
 PSYoungGen      total 108032K, used 6182K [0x00000000e0900000, 0x00000000e7d00000, 0x0000000100000000)
  eden space 97792K, 0% used [0x00000000e0900000,0x00000000e0900000,0x00000000e6880000)
  from space 10240K, 60% used [0x00000000e6880000,0x00000000e6e89aa8,0x00000000e7280000)
  to   space 9728K, 0% used [0x00000000e7280000,0x00000000e7280000,0x00000000e7c00000)
 ParOldGen       total 65536K, used 9506K [0x00000000a1a00000, 0x00000000a5a00000, 0x00000000e0900000)
  object space 65536K, 14% used [0x00000000a1a00000,0x00000000a2348a48,0x00000000a5a00000)
 Metaspace       used 20311K, capacity 21180K, committed 21296K, reserved 1067008K
  class space    used 2654K, capacity 2845K, committed 2944K, reserved 1048576K
Event: 6.442 GC heap after
Heap after GC invocations=8 (full 1):
 PSYoungGen      total 108032K, used 0K [0x00000000e0900000, 0x00000000e7d00000, 0x0000000100000000)
  eden space 97792K, 0% used [0x00000000e0900000,0x00000000e0900000,0x00000000e6880000)
  from space 10240K, 0% used [0x00000000e6880000,0x00000000e6880000,0x00000000e7280000)
  to   space 9728K, 0% used [0x00000000e7280000,0x00000000e7280000,0x00000000e7c00000)
 ParOldGen       total 46080K, used 7775K [0x00000000a1a00000, 0x00000000a4700000, 0x00000000e0900000)
  object space 46080K, 16% used [0x00000000a1a00000,0x00000000a2197ef8,0x00000000a4700000)
 Metaspace       used 20311K, capacity 21180K, committed 21296K, reserved 1067008K
  class space    used 2654K, capacity 2845K, committed 2944K, reserved 1048576K
}
Event: 9.396 GC heap before
{Heap before GC invocations=9 (full 1):
 PSYoungGen      total 108032K, used 97792K [0x00000000e0900000, 0x00000000e7d00000, 0x0000000100000000)
  eden space 97792K, 100% used [0x00000000e0900000,0x00000000e6880000,0x00000000e6880000)
  from space 10240K, 0% used [0x00000000e6880000,0x00000000e6880000,0x00000000e7280000)
  to   space 9728K, 0% used [0x00000000e7280000,0x00000000e7280000,0x00000000e7c00000)
 ParOldGen       total 46080K, used 7775K [0x00000000a1a00000, 0x00000000a4700000, 0x00000000e0900000)
  object space 46080K, 16% used [0x00000000a1a00000,0x00000000a2197ef8,0x00000000a4700000)
 Metaspace       used 26713K, capacity 27982K, committed 28160K, reserved 1073152K
  class space    used 3548K, capacity 3799K, committed 3840K, reserved 1048576K
Event: 9.411 GC heap after
Heap after GC invocations=9 (full 1):
 PSYoungGen      total 106496K, used 9700K [0x00000000e0900000, 0x00000000eb580000, 0x0000000100000000)
  eden space 96768K, 0% used [0x00000000e0900000,0x00000000e0900000,0x00000000e6780000)
  from space 9728K, 99% used [0x00000000e7280000,0x00000000e7bf9260,0x00000000e7c00000)
  to   space 11264K, 0% used [0x00000000e6780000,0x00000000e6780000,0x00000000e7280000)
 ParOldGen       total 46080K, used 8117K [0x00000000a1a00000, 0x00000000a4700000, 0x00000000e0900000)
  object space 46080K, 17% used [0x00000000a1a00000,0x00000000a21ed7b8,0x00000000a4700000)
 Metaspace       used 26713K, capacity 27982K, committed 28160K, reserved 1073152K
  class space    used 3548K, capacity 3799K, committed 3840K, reserved 1048576K
}

