# JRE version: Java(TM) SE Runtime Environment (8.0_101-b13) (build 1.8.0_101-b13)
# Java VM: Java HotSpot(TM) 64-Bit Server VM (25.101-b13 mixed mode windows-amd64 compressed oops)
Heap:
 PSYoungGen      total 183808K, used 29044K [0x00000000e0900000, 0x00000000ed880000, 0x0000000100000000)
  eden space 176128K, 12% used [0x00000000e0900000,0x00000000e1e2af50,0x00000000eb500000)
  from space 7680K, 95% used [0x00000000ed100000,0x00000000ed8321c0,0x00000000ed880000)
  to   space 9728K, 0% used [0x00000000ec580000,0x00000000ec580000,0x00000000ecf00000)
 ParOldGen       total 38912K, used 5768K [0x00000000a1a00000, 0x00000000a4000000, 0x00000000e0900000)
  object space 38912K, 14% used [0x00000000a1a00000,0x00000000a1fa2358,0x00000000a4000000)
 Metaspace       used 26148K, capacity 27246K, committed 27520K, reserved 1075200K
  class space    used 3380K, capacity 3626K, committed 3712K, reserved 1048576K
GC Heap History (10 events):
Event: 6.869 GC heap before
{Heap before GC invocations=5 (full 0):
 PSYoungGen      total 53248K, used 53238K [0x00000000e0900000, 0x00000000e4100000, 0x0000000100000000)
  eden space 49152K, 100% used [0x00000000e0900000,0x00000000e3900000,0x00000000e3900000)
  from space 4096K, 99% used [0x00000000e3d00000,0x00000000e40fda18,0x00000000e4100000)
  to   space 4096K, 0% used [0x00000000e3900000,0x00000000e3900000,0x00000000e3d00000)
 ParOldGen       total 65536K, used 2597K [0x00000000a1a00000, 0x00000000a5a00000, 0x00000000e0900000)
  object space 65536K, 3% used [0x00000000a1a00000,0x00000000a1c89740,0x00000000a5a00000)
 Metaspace       used 17171K, capacity 17878K, committed 18048K, reserved 1064960K
  class space    used 2165K, capacity 2316K, committed 2432K, reserved 1048576K
Event: 6.886 GC heap after
Heap after GC invocations=5 (full 0):
 PSYoungGen      total 53248K, used 4075K [0x00000000e0900000, 0x00000000e7a00000, 0x0000000100000000)
  eden space 49152K, 0% used [0x00000000e0900000,0x00000000e0900000,0x00000000e3900000)
  from space 4096K, 99% used [0x00000000e3900000,0x00000000e3cfae08,0x00000000e3d00000)
  to   space 8704K, 0% used [0x00000000e7180000,0x00000000e7180000,0x00000000e7a00000)
 ParOldGen       total 65536K, used 6408K [0x00000000a1a00000, 0x00000000a5a00000, 0x00000000e0900000)
  object space 65536K, 9% used [0x00000000a1a00000,0x00000000a20422d0,0x00000000a5a00000)
 Metaspace       used 17171K, capacity 17878K, committed 18048K, reserved 1064960K
  class space    used 2165K, capacity 2316K, committed 2432K, reserved 1048576K
}
Event: 7.808 GC heap before
{Heap before GC invocations=6 (full 0):
 PSYoungGen      total 53248K, used 53227K [0x00000000e0900000, 0x00000000e7a00000, 0x0000000100000000)
  eden space 49152K, 100% used [0x00000000e0900000,0x00000000e3900000,0x00000000e3900000)
  from space 4096K, 99% used [0x00000000e3900000,0x00000000e3cfae08,0x00000000e3d00000)
  to   space 8704K, 0% used [0x00000000e7180000,0x00000000e7180000,0x00000000e7a00000)
 ParOldGen       total 65536K, used 6408K [0x00000000a1a00000, 0x00000000a5a00000, 0x00000000e0900000)
  object space 65536K, 9% used [0x00000000a1a00000,0x00000000a20422d0,0x00000000a5a00000)
 Metaspace       used 20036K, capacity 20948K, committed 21120K, reserved 1067008K
  class space    used 2641K, capacity 2853K, committed 2944K, reserved 1048576K
Event: 7.829 GC heap after
Heap after GC invocations=6 (full 0):
 PSYoungGen      total 106496K, used 7330K [0x00000000e0900000, 0x00000000e7b00000, 0x0000000100000000)
  eden space 97792K, 0% used [0x00000000e0900000,0x00000000e0900000,0x00000000e6880000)
  from space 8704K, 84% used [0x00000000e7180000,0x00000000e78a8bd8,0x00000000e7a00000)
  to   space 9216K, 0% used [0x00000000e6880000,0x00000000e6880000,0x00000000e7180000)
 ParOldGen       total 65536K, used 6408K [0x00000000a1a00000, 0x00000000a5a00000, 0x00000000e0900000)
  object space 65536K, 9% used [0x00000000a1a00000,0x00000000a20422d0,0x00000000a5a00000)
 Metaspace       used 20036K, capacity 20948K, committed 21120K, reserved 1067008K
  class space    used 2641K, capacity 2853K, committed 2944K, reserved 1048576K
}
Event: 7.946 GC heap before
{Heap before GC invocations=7 (full 0):
 PSYoungGen      total 106496K, used 15023K [0x00000000e0900000, 0x00000000e7b00000, 0x0000000100000000)
  eden space 97792K, 7% used [0x00000000e0900000,0x00000000e10830c0,0x00000000e6880000)
  from space 8704K, 84% used [0x00000000e7180000,0x00000000e78a8bd8,0x00000000e7a00000)
  to   space 9216K, 0% used [0x00000000e6880000,0x00000000e6880000,0x00000000e7180000)
 ParOldGen       total 65536K, used 6408K [0x00000000a1a00000, 0x00000000a5a00000, 0x00000000e0900000)
  object space 65536K, 9% used [0x00000000a1a00000,0x00000000a20422d0,0x00000000a5a00000)
 Metaspace       used 20413K, capacity 21270K, committed 21296K, reserved 1067008K
  class space    used 2713K, capacity 2918K, committed 2944K, reserved 1048576K
Event: 7.963 GC heap after
Heap after GC invocations=7 (full 0):
 PSYoungGen      total 107008K, used 3643K [0x00000000e0900000, 0x00000000eda00000, 0x0000000100000000)
  eden space 97792K, 0% used [0x00000000e0900000,0x00000000e0900000,0x00000000e6880000)
  from space 9216K, 39% used [0x00000000e6880000,0x00000000e6c0edf8,0x00000000e7180000)
  to   space 9216K, 0% used [0x00000000ed100000,0x00000000ed100000,0x00000000eda00000)
 ParOldGen       total 65536K, used 8405K [0x00000000a1a00000, 0x00000000a5a00000, 0x00000000e0900000)
  object space 65536K, 12% used [0x00000000a1a00000,0x00000000a2235420,0x00000000a5a00000)
 Metaspace       used 20413K, capacity 21270K, committed 21296K, reserved 1067008K
  class space    used 2713K, capacity 2918K, committed 2944K, reserved 1048576K
}
Event: 7.963 GC heap before
{Heap before GC invocations=8 (full 1):
 PSYoungGen      total 107008K, used 3643K [0x00000000e0900000, 0x00000000eda00000, 0x0000000100000000)
  eden space 97792K, 0% used [0x00000000e0900000,0x00000000e0900000,0x00000000e6880000)
  from space 9216K, 39% used [0x00000000e6880000,0x00000000e6c0edf8,0x00000000e7180000)
  to   space 9216K, 0% used [0x00000000ed100000,0x00000000ed100000,0x00000000eda00000)
 ParOldGen       total 65536K, used 8405K [0x00000000a1a00000, 0x00000000a5a00000, 0x00000000e0900000)
  object space 65536K, 12% used [0x00000000a1a00000,0x00000000a2235420,0x00000000a5a00000)
 Metaspace       used 20413K, capacity 21270K, committed 21296K, reserved 1067008K
  class space    used 2713K, capacity 2918K, committed 2944K, reserved 1048576K
Event: 8.043 GC heap after
Heap after GC invocations=8 (full 1):
 PSYoungGen      total 107008K, used 0K [0x00000000e0900000, 0x00000000eda00000, 0x0000000100000000)
  eden space 97792K, 0% used [0x00000000e0900000,0x00000000e0900000,0x00000000e6880000)
  from space 9216K, 0% used [0x00000000e6880000,0x00000000e6880000,0x00000000e7180000)
  to   space 9216K, 0% used [0x00000000ed100000,0x00000000ed100000,0x00000000eda00000)
 ParOldGen       total 38912K, used 5760K [0x00000000a1a00000, 0x00000000a4000000, 0x00000000e0900000)
  object space 38912K, 14% used [0x00000000a1a00000,0x00000000a1fa0358,0x00000000a4000000)
 Metaspace       used 20413K, capacity 21270K, committed 21296K, reserved 1067008K
  class space    used 2713K, capacity 2918K, committed 2944K, reserved 1048576K
}
Event: 9.734 GC heap before
{Heap before GC invocations=9 (full 1):
 PSYoungGen      total 107008K, used 97792K [0x00000000e0900000, 0x00000000eda00000, 0x0000000100000000)
  eden space 97792K, 100% used [0x00000000e0900000,0x00000000e6880000,0x00000000e6880000)
  from space 9216K, 0% used [0x00000000e6880000,0x00000000e6880000,0x00000000e7180000)
  to   space 9216K, 0% used [0x00000000ed100000,0x00000000ed100000,0x00000000eda00000)
 ParOldGen       total 38912K, used 5760K [0x00000000a1a00000, 0x00000000a4000000, 0x00000000e0900000)
  object space 38912K, 14% used [0x00000000a1a00000,0x00000000a1fa0358,0x00000000a4000000)
 Metaspace       used 25544K, capacity 26542K, committed 26624K, reserved 1073152K
  class space    used 3305K, capacity 3538K, committed 3584K, reserved 1048576K
Event: 9.750 GC heap after
Heap after GC invocations=9 (full 1):
 PSYoungGen      total 183808K, used 7368K [0x00000000e0900000, 0x00000000ed880000, 0x0000000100000000)
  eden space 176128K, 0% used [0x00000000e0900000,0x00000000e0900000,0x00000000eb500000)
  from space 7680K, 95% used [0x00000000ed100000,0x00000000ed8321c0,0x00000000ed880000)
  to   space 9728K, 0% used [0x00000000ec580000,0x00000000ec580000,0x00000000ecf00000)
 ParOldGen       total 38912K, used 5768K [0x00000000a1a00000, 0x00000000a4000000, 0x00000000e0900000)
  object space 38912K, 14% used [0x00000000a1a00000,0x00000000a1fa2358,0x00000000a4000000)
 Metaspace       used 25544K, capacity 26542K, committed 26624K, reserved 1073152K
  class space    used 3305K, capacity 3538K, committed 3584K, reserved 1048576K
}

