# JRE version: Java(TM) SE Runtime Environment (8.0_101-b13) (build 1.8.0_101-b13)
# Java VM: Java HotSpot(TM) 64-Bit Server VM (25.101-b13 mixed mode windows-amd64 compressed oops)
Heap:
 PSYoungGen      total 189952K, used 29086K [0x00000000e0900000, 0x00000000ed880000, 0x0000000100000000)
  eden space 180224K, 16% used [0x00000000e0900000,0x00000000e2567b50,0x00000000eb900000)
  from space 9728K, 0% used [0x00000000ec580000,0x00000000ec580000,0x00000000ecf00000)
  to   space 7680K, 0% used [0x00000000ed100000,0x00000000ed100000,0x00000000ed880000)
 ParOldGen       total 94208K, used 35730K [0x00000000a1a00000, 0x00000000a7600000, 0x00000000e0900000)
  object space 94208K, 37% used [0x00000000a1a00000,0x00000000a3ce4828,0x00000000a7600000)
 Metaspace       used 57722K, capacity 60644K, committed 60800K, reserved 1101824K
  class space    used 8043K, capacity 8528K, committed 8576K, reserved 1048576K
GC Heap History (10 events):
Event: 13.270 GC heap before
{Heap before GC invocations=10 (full 1):
 PSYoungGen      total 187904K, used 160566K [0x00000000e0900000, 0x00000000ed880000, 0x0000000100000000)
  eden space 180224K, 84% used [0x00000000e0900000,0x00000000e9e997e0,0x00000000eb900000)
  from space 7680K, 96% used [0x00000000ed100000,0x00000000ed834418,0x00000000ed880000)
  to   space 9728K, 0% used [0x00000000ec580000,0x00000000ec580000,0x00000000ecf00000)
 ParOldGen       total 38400K, used 5765K [0x00000000a1a00000, 0x00000000a3f80000, 0x00000000e0900000)
  object space 38400K, 15% used [0x00000000a1a00000,0x00000000a1fa1670,0x00000000a3f80000)
 Metaspace       used 33329K, capacity 35360K, committed 35496K, reserved 1079296K
  class space    used 4524K, capacity 4886K, committed 4992K, reserved 1048576K
Event: 13.315 GC heap after
Heap after GC invocations=10 (full 1):
 PSYoungGen      total 189952K, used 9716K [0x00000000e0900000, 0x00000000ed880000, 0x0000000100000000)
  eden space 180224K, 0% used [0x00000000e0900000,0x00000000e0900000,0x00000000eb900000)
  from space 9728K, 99% used [0x00000000ec580000,0x00000000ecefd388,0x00000000ecf00000)
  to   space 7680K, 0% used [0x00000000ed100000,0x00000000ed100000,0x00000000ed880000)
 ParOldGen       total 38400K, used 9692K [0x00000000a1a00000, 0x00000000a3f80000, 0x00000000e0900000)
  object space 38400K, 25% used [0x00000000a1a00000,0x00000000a23772e0,0x00000000a3f80000)
 Metaspace       used 33329K, capacity 35360K, committed 35496K, reserved 1079296K
  class space    used 4524K, capacity 4886K, committed 4992K, reserved 1048576K
}
Event: 13.315 GC heap before
{Heap before GC invocations=11 (full 2):
 PSYoungGen      total 189952K, used 9716K [0x00000000e0900000, 0x00000000ed880000, 0x0000000100000000)
  eden space 180224K, 0% used [0x00000000e0900000,0x00000000e0900000,0x00000000eb900000)
  from space 9728K, 99% used [0x00000000ec580000,0x00000000ecefd388,0x00000000ecf00000)
  to   space 7680K, 0% used [0x00000000ed100000,0x00000000ed100000,0x00000000ed880000)
 ParOldGen       total 38400K, used 9692K [0x00000000a1a00000, 0x00000000a3f80000, 0x00000000e0900000)
  object space 38400K, 25% used [0x00000000a1a00000,0x00000000a23772e0,0x00000000a3f80000)
 Metaspace       used 33329K, capacity 35360K, committed 35496K, reserved 1079296K
  class space    used 4524K, capacity 4886K, committed 4992K, reserved 1048576K
Event: 13.480 GC heap after
Heap after GC invocations=11 (full 2):
 PSYoungGen      total 189952K, used 0K [0x00000000e0900000, 0x00000000ed880000, 0x0000000100000000)
  eden space 180224K, 0% used [0x00000000e0900000,0x00000000e0900000,0x00000000eb900000)
  from space 9728K, 0% used [0x00000000ec580000,0x00000000ec580000,0x00000000ecf00000)
  to   space 7680K, 0% used [0x00000000ed100000,0x00000000ed100000,0x00000000ed880000)
 ParOldGen       total 60928K, used 17924K [0x00000000a1a00000, 0x00000000a5580000, 0x00000000e0900000)
  object space 60928K, 29% used [0x00000000a1a00000,0x00000000a2b811d0,0x00000000a5580000)
 Metaspace       used 33329K, capacity 35360K, committed 35496K, reserved 1079296K
  class space    used 4524K, capacity 4886K, committed 4992K, reserved 1048576K
}
Event: 18.086 GC heap before
{Heap before GC invocations=12 (full 2):
 PSYoungGen      total 189952K, used 180224K [0x00000000e0900000, 0x00000000ed880000, 0x0000000100000000)
  eden space 180224K, 100% used [0x00000000e0900000,0x00000000eb900000,0x00000000eb900000)
  from space 9728K, 0% used [0x00000000ec580000,0x00000000ec580000,0x00000000ecf00000)
  to   space 7680K, 0% used [0x00000000ed100000,0x00000000ed100000,0x00000000ed880000)
 ParOldGen       total 60928K, used 17924K [0x00000000a1a00000, 0x00000000a5580000, 0x00000000e0900000)
  object space 60928K, 29% used [0x00000000a1a00000,0x00000000a2b811d0,0x00000000a5580000)
 Metaspace       used 38800K, capacity 41100K, committed 41216K, reserved 1085440K
  class space    used 5160K, capacity 5540K, committed 5632K, reserved 1048576K
Event: 18.100 GC heap after
Heap after GC invocations=12 (full 2):
 PSYoungGen      total 187904K, used 7665K [0x00000000e0900000, 0x00000000ed880000, 0x0000000100000000)
  eden space 180224K, 0% used [0x00000000e0900000,0x00000000e0900000,0x00000000eb900000)
  from space 7680K, 99% used [0x00000000ed100000,0x00000000ed87c750,0x00000000ed880000)
  to   space 9728K, 0% used [0x00000000ec580000,0x00000000ec580000,0x00000000ecf00000)
 ParOldGen       total 60928K, used 19812K [0x00000000a1a00000, 0x00000000a5580000, 0x00000000e0900000)
  object space 60928K, 32% used [0x00000000a1a00000,0x00000000a2d59048,0x00000000a5580000)
 Metaspace       used 38800K, capacity 41100K, committed 41216K, reserved 1085440K
  class space    used 5160K, capacity 5540K, committed 5632K, reserved 1048576K
}
Event: 26.237 GC heap before
{Heap before GC invocations=13 (full 2):
 PSYoungGen      total 187904K, used 149510K [0x00000000e0900000, 0x00000000ed880000, 0x0000000100000000)
  eden space 180224K, 78% used [0x00000000e0900000,0x00000000e9385340,0x00000000eb900000)
  from space 7680K, 99% used [0x00000000ed100000,0x00000000ed87c750,0x00000000ed880000)
  to   space 9728K, 0% used [0x00000000ec580000,0x00000000ec580000,0x00000000ecf00000)
 ParOldGen       total 60928K, used 19812K [0x00000000a1a00000, 0x00000000a5580000, 0x00000000e0900000)
  object space 60928K, 32% used [0x00000000a1a00000,0x00000000a2d59048,0x00000000a5580000)
 Metaspace       used 56298K, capacity 59102K, committed 59160K, reserved 1099776K
  class space    used 7809K, capacity 8313K, committed 8320K, reserved 1048576K
Event: 26.298 GC heap after
Heap after GC invocations=13 (full 2):
 PSYoungGen      total 189952K, used 9706K [0x00000000e0900000, 0x00000000ed880000, 0x0000000100000000)
  eden space 180224K, 0% used [0x00000000e0900000,0x00000000e0900000,0x00000000eb900000)
  from space 9728K, 99% used [0x00000000ec580000,0x00000000ecefab28,0x00000000ecf00000)
  to   space 7680K, 0% used [0x00000000ed100000,0x00000000ed100000,0x00000000ed880000)
 ParOldGen       total 60928K, used 35919K [0x00000000a1a00000, 0x00000000a5580000, 0x00000000e0900000)
  object space 60928K, 58% used [0x00000000a1a00000,0x00000000a3d13c08,0x00000000a5580000)
 Metaspace       used 56298K, capacity 59102K, committed 59160K, reserved 1099776K
  class space    used 7809K, capacity 8313K, committed 8320K, reserved 1048576K
}
Event: 26.298 GC heap before
{Heap before GC invocations=14 (full 3):
 PSYoungGen      total 189952K, used 9706K [0x00000000e0900000, 0x00000000ed880000, 0x0000000100000000)
  eden space 180224K, 0% used [0x00000000e0900000,0x00000000e0900000,0x00000000eb900000)
  from space 9728K, 99% used [0x00000000ec580000,0x00000000ecefab28,0x00000000ecf00000)
  to   space 7680K, 0% used [0x00000000ed100000,0x00000000ed100000,0x00000000ed880000)
 ParOldGen       total 60928K, used 35919K [0x00000000a1a00000, 0x00000000a5580000, 0x00000000e0900000)
  object space 60928K, 58% used [0x00000000a1a00000,0x00000000a3d13c08,0x00000000a5580000)
 Metaspace       used 56298K, capacity 59102K, committed 59160K, reserved 1099776K
  class space    used 7809K, capacity 8313K, committed 8320K, reserved 1048576K
Event: 26.634 GC heap after
Heap after GC invocations=14 (full 3):
 PSYoungGen      total 189952K, used 0K [0x00000000e0900000, 0x00000000ed880000, 0x0000000100000000)
  eden space 180224K, 0% used [0x00000000e0900000,0x00000000e0900000,0x00000000eb900000)
  from space 9728K, 0% used [0x00000000ec580000,0x00000000ec580000,0x00000000ecf00000)
  to   space 7680K, 0% used [0x00000000ed100000,0x00000000ed100000,0x00000000ed880000)
 ParOldGen       total 94208K, used 35730K [0x00000000a1a00000, 0x00000000a7600000, 0x00000000e0900000)
  object space 94208K, 37% used [0x00000000a1a00000,0x00000000a3ce4828,0x00000000a7600000)
 Metaspace       used 56298K, capacity 59102K, committed 59160K, reserved 1099776K
  class space    used 7809K, capacity 8313K, committed 8320K, reserved 1048576K
}

